{"sessionId":"0a1df2","runId":"pre-fix","hypothesisId":"A","location":"mesh.py:build_print_solid:before_fuse","message":"pre_fuse_state","data":{"n_before_fuse":1,"vs":1.333333,"watertight":true,"used_voxel_fallback":false},"timestamp":1777331934677}
{"sessionId":"0a1df2","runId":"pre-fix","hypothesisId":"B","location":"mesh.py:_fuse_stacked_components:entry","message":"fuse_entry","data":{"parts_in":1,"vs":1.333333},"timestamp":1777331934886}
{"sessionId":"0a1df2","runId":"pre-fix","hypothesisId":"B","location":"mesh.py:build_print_solid:after_fuse","message":"post_fuse_state","data":{"n_after_fuse":1},"timestamp":1777331935023}
{"sessionId":"0a1df2","runId":"pre-fix","hypothesisId":"D","location":"mesh.py:build_print_solid:after_plate_snap","message":"final_components","data":{"n_components_final":1,"last_resort":false},"timestamp":1777331935170}
{"sessionId":"0a1df2","runId":"pre-fix","hypothesisId":"C","location":"mesh.py:_last_resort_voxel_fuse:iter","message":"last_resort_after_voxel","data":{"iter":2,"vs":0.125,"parts_after":9},"timestamp":1777332046745}
{"sessionId":"0a1df2","runId":"pre-fix","hypothesisId":"A","location":"mesh.py:build_print_solid:before_fuse","message":"pre_fuse_state","data":{"n_before_fuse":1,"vs":0.666667,"watertight":true,"used_voxel_fallback":false},"timestamp":1777332107780}
{"sessionId":"0a1df2","runId":"pre-fix","hypothesisId":"B","location":"mesh.py:_fuse_stacked_components:entry","message":"fuse_entry","data":{"parts_in":1,"vs":0.666667},"timestamp":1777332107781}
{"sessionId":"0a1df2","runId":"pre-fix","hypothesisId":"B","location":"mesh.py:build_print_solid:after_fuse","message":"post_fuse_state","data":{"n_after_fuse":1},"timestamp":1777332107782}
{"sessionId":"0a1df2","runId":"pre-fix","hypothesisId":"D","location":"mesh.py:build_print_solid:after_plate_snap","message":"final_components","data":{"n_components_final":1,"last_resort":false},"timestamp":1777332107782}
{"sessionId":"0a1df2","runId":"pre-fix","hypothesisId":"A","location":"mesh.py:build_print_solid:before_fuse","message":"pre_fuse_state","data":{"n_before_fuse":1,"vs":1.333333,"watertight":true,"used_voxel_fallback":false},"timestamp":1777332180749}
{"sessionId":"0a1df2","runId":"pre-fix","hypothesisId":"B","location":"mesh.py:_fuse_stacked_components:entry","message":"fuse_entry","data":{"parts_in":1,"vs":1.333333},"timestamp":1777332180879}
{"sessionId":"0a1df2","runId":"pre-fix","hypothesisId":"B","location":"mesh.py:build_print_solid:after_fuse","message":"post_fuse_state","data":{"n_after_fuse":1},"timestamp":1777332181001}
{"sessionId":"0a1df2","runId":"pre-fix","hypothesisId":"D","location":"mesh.py:build_print_solid:after_plate_snap","message":"final_components","data":{"n_components_final":1,"last_resort":false},"timestamp":1777332181134}
{"sessionId":"0a1df2","runId":"pre-fix","hypothesisId":"A","location":"mesh.py:build_print_solid:before_fuse","message":"pre_fuse_state","data":{"n_before_fuse":1,"vs":1.0,"watertight":true,"used_voxel_fallback":false},"timestamp":1777332535628}
{"sessionId":"0a1df2","runId":"pre-fix","hypothesisId":"B","location":"mesh.py:_fuse_stacked_components:entry","message":"fuse_entry","data":{"parts_in":1,"vs":1.0},"timestamp":1777332535630}
{"sessionId":"0a1df2","runId":"pre-fix","hypothesisId":"B","location":"mesh.py:build_print_solid:after_fuse","message":"post_fuse_state","data":{"n_after_fuse":1},"timestamp":1777332535630}
{"sessionId":"0a1df2","runId":"pre-fix","hypothesisId":"D","location":"mesh.py:build_print_solid:after_plate_snap","message":"final_components","data":{"n_components_final":1,"last_resort":false},"timestamp":1777332535631}
{"sessionId":"0a1df2","runId":"pre-fix","hypothesisId":"A","location":"mesh.py:build_print_solid:before_fuse","message":"pre_fuse_state","data":{"n_before_fuse":1,"vs":1.333333,"watertight":true,"used_voxel_fallback":false},"timestamp":1777332646730}
{"sessionId":"0a1df2","runId":"pre-fix","hypothesisId":"B","location":"mesh.py:_fuse_stacked_components:entry","message":"fuse_entry","data":{"parts_in":1,"vs":1.333333},"timestamp":1777332646778}
{"sessionId":"0a1df2","runId":"pre-fix","hypothesisId":"B","location":"mesh.py:build_print_solid:after_fuse","message":"post_fuse_state","data":{"n_after_fuse":1},"timestamp":1777332646826}
{"sessionId":"0a1df2","runId":"pre-fix","hypothesisId":"D","location":"mesh.py:build_print_solid:after_plate_snap","message":"final_components","data":{"n_components_final":1,"last_resort":false},"timestamp":1777332646877}
{"sessionId":"0a1df2","runId":"pre-fix","hypothesisId":"A","location":"mesh.py:build_print_solid:before_fuse","message":"pre_fuse_state","data":{"n_before_fuse":1,"vs":1.333333,"watertight":true,"used_voxel_fallback":false},"timestamp":1777414805470}
{"sessionId":"0a1df2","runId":"pre-fix","hypothesisId":"B","location":"mesh.py:_fuse_stacked_components:entry","message":"fuse_entry","data":{"parts_in":1,"vs":1.333333},"timestamp":1777414805575}
{"sessionId":"0a1df2","runId":"pre-fix","hypothesisId":"B","location":"mesh.py:build_print_solid:after_fuse","message":"post_fuse_state","data":{"n_after_fuse":1},"timestamp":1777414805682}
{"sessionId":"0a1df2","runId":"pre-fix","hypothesisId":"D","location":"mesh.py:build_print_solid:after_plate_snap","message":"final_components","data":{"n_components_final":1,"last_resort":false},"timestamp":1777414805795}
{"sessionId":"0a1df2","runId":"pre-fix","hypothesisId":"A","location":"mesh.py:build_print_solid:before_fuse","message":"pre_fuse_state","data":{"n_before_fuse":1,"vs":0.8,"watertight":true,"used_voxel_fallback":false},"timestamp":1777423684968}
{"sessionId":"0a1df2","runId":"pre-fix","hypothesisId":"B","location":"mesh.py:_fuse_stacked_components:entry","message":"fuse_entry","data":{"parts_in":1,"vs":0.8},"timestamp":1777423684969}
{"sessionId":"0a1df2","runId":"pre-fix","hypothesisId":"B","location":"mesh.py:build_print_solid:after_fuse","message":"post_fuse_state","data":{"n_after_fuse":1},"timestamp":1777423684970}
{"sessionId":"0a1df2","runId":"pre-fix","hypothesisId":"D","location":"mesh.py:build_print_solid:after_plate_snap","message":"final_components","data":{"n_components_final":1,"last_resort":false},"timestamp":1777423684970}
{"sessionId":"0a1df2","runId":"pre-fix","hypothesisId":"A","location":"mesh.py:build_print_solid:before_fuse","message":"pre_fuse_state","data":{"n_before_fuse":1,"vs":1.0,"watertight":true,"used_voxel_fallback":false},"timestamp":1777423691487}
{"sessionId":"0a1df2","runId":"pre-fix","hypothesisId":"B","location":"mesh.py:_fuse_stacked_components:entry","message":"fuse_entry","data":{"parts_in":1,"vs":1.0},"timestamp":1777423691488}
{"sessionId":"0a1df2","runId":"pre-fix","hypothesisId":"B","location":"mesh.py:build_print_solid:after_fuse","message":"post_fuse_state","data":{"n_after_fuse":1},"timestamp":1777423691488}
{"sessionId":"0a1df2","runId":"pre-fix","hypothesisId":"D","location":"mesh.py:build_print_solid:after_plate_snap","message":"final_components","data":{"n_components_final":1,"last_resort":false},"timestamp":1777423691489}
{"sessionId":"0a1df2","runId":"pre-fix","hypothesisId":"A","location":"mesh.py:build_print_solid:before_fuse","message":"pre_fuse_state","data":{"n_before_fuse":1,"vs":1.333333,"watertight":true,"used_voxel_fallback":false},"timestamp":1777425281242}
{"sessionId":"0a1df2","runId":"pre-fix","hypothesisId":"B","location":"mesh.py:_fuse_stacked_components:entry","message":"fuse_entry","data":{"parts_in":1,"vs":1.333333},"timestamp":1777425281292}
{"sessionId":"0a1df2","runId":"pre-fix","hypothesisId":"B","location":"mesh.py:build_print_solid:after_fuse","message":"post_fuse_state","data":{"n_after_fuse":1},"timestamp":1777425281342}
{"sessionId":"0a1df2","runId":"pre-fix","hypothesisId":"D","location":"mesh.py:build_print_solid:after_plate_snap","message":"final_components","data":{"n_components_final":1,"last_resort":false},"timestamp":1777425281395}
{"sessionId":"0a1df2","runId":"pre-fix","hypothesisId":"A","location":"mesh.py:build_print_solid:before_fuse","message":"pre_fuse_state","data":{"n_before_fuse":1,"vs":1.0,"watertight":true,"used_voxel_fallback":false},"timestamp":1777425973998}
{"sessionId":"0a1df2","runId":"pre-fix","hypothesisId":"B","location":"mesh.py:_fuse_stacked_components:entry","message":"fuse_entry","data":{"parts_in":1,"vs":1.0},"timestamp":1777425973999}
{"sessionId":"0a1df2","runId":"pre-fix","hypothesisId":"B","location":"mesh.py:build_print_solid:after_fuse","message":"post_fuse_state","data":{"n_after_fuse":1},"timestamp":1777425974000}
{"sessionId":"0a1df2","runId":"pre-fix","hypothesisId":"D","location":"mesh.py:build_print_solid:after_plate_snap","message":"final_components","data":{"n_components_final":1,"last_resort":false},"timestamp":1777425974001}
{"sessionId":"0a1df2","runId":"pre-fix","hypothesisId":"A","location":"mesh.py:build_print_solid:before_fuse","message":"pre_fuse_state","data":{"n_before_fuse":1,"vs":1.0,"watertight":true,"used_voxel_fallback":false},"timestamp":1777426441617}
{"sessionId":"0a1df2","runId":"pre-fix","hypothesisId":"B","location":"mesh.py:_fuse_stacked_components:entry","message":"fuse_entry","data":{"parts_in":1,"vs":1.0},"timestamp":1777426441618}
{"sessionId":"0a1df2","runId":"pre-fix","hypothesisId":"B","location":"mesh.py:build_print_solid:after_fuse","message":"post_fuse_state","data":{"n_after_fuse":1},"timestamp":1777426441619}
{"sessionId":"0a1df2","runId":"pre-fix","hypothesisId":"D","location":"mesh.py:build_print_solid:after_plate_snap","message":"final_components","data":{"n_components_final":1,"last_resort":false},"timestamp":1777426441620}
{"sessionId":"0a1df2","runId":"pre-fix","hypothesisId":"A","location":"mesh.py:build_print_solid:before_fuse","message":"pre_fuse_state","data":{"n_before_fuse":1,"vs":1.333333,"watertight":true,"used_voxel_fallback":false},"timestamp":1777426526272}
{"sessionId":"0a1df2","runId":"pre-fix","hypothesisId":"B","location":"mesh.py:_fuse_stacked_components:entry","message":"fuse_entry","data":{"parts_in":1,"vs":1.333333},"timestamp":1777426526320}
{"sessionId":"0a1df2","runId":"pre-fix","hypothesisId":"B","location":"mesh.py:build_print_solid:after_fuse","message":"post_fuse_state","data":{"n_after_fuse":1},"timestamp":1777426526367}
{"sessionId":"0a1df2","runId":"pre-fix","hypothesisId":"D","location":"mesh.py:build_print_solid:after_plate_snap","message":"final_components","data":{"n_components_final":1,"last_resort":false},"timestamp":1777426526421}
{"sessionId":"0a1df2","runId":"pre-fix","hypothesisId":"A","location":"mesh.py:build_print_solid:before_fuse","message":"pre_fuse_state","data":{"n_before_fuse":1,"vs":1.333333,"watertight":true,"used_voxel_fallback":false},"timestamp":1777426593700}
{"sessionId":"0a1df2","runId":"pre-fix","hypothesisId":"B","location":"mesh.py:_fuse_stacked_components:entry","message":"fuse_entry","data":{"parts_in":1,"vs":1.333333},"timestamp":1777426593754}
{"sessionId":"0a1df2","runId":"pre-fix","hypothesisId":"B","location":"mesh.py:build_print_solid:after_fuse","message":"post_fuse_state","data":{"n_after_fuse":1},"timestamp":1777426593808}
{"sessionId":"0a1df2","runId":"pre-fix","hypothesisId":"D","location":"mesh.py:build_print_solid:after_plate_snap","message":"final_components","data":{"n_components_final":1,"last_resort":false},"timestamp":1777426593862}
{"sessionId":"0a1df2","runId":"pre-fix","hypothesisId":"A","location":"mesh.py:build_print_solid:before_fuse","message":"pre_fuse_state","data":{"n_before_fuse":1,"vs":1.0,"watertight":true,"used_voxel_fallback":false},"timestamp":1777426901212}
{"sessionId":"0a1df2","runId":"pre-fix","hypothesisId":"B","location":"mesh.py:_fuse_stacked_components:entry","message":"fuse_entry","data":{"parts_in":1,"vs":1.0},"timestamp":1777426901214}
{"sessionId":"0a1df2","runId":"pre-fix","hypothesisId":"B","location":"mesh.py:build_print_solid:after_fuse","message":"post_fuse_state","data":{"n_after_fuse":1},"timestamp":1777426901215}
{"sessionId":"0a1df2","runId":"pre-fix","hypothesisId":"D","location":"mesh.py:build_print_solid:after_plate_snap","message":"final_components","data":{"n_components_final":1,"last_resort":false},"timestamp":1777426901220}
{"sessionId":"0a1df2","runId":"pre-fix","hypothesisId":"A","location":"mesh.py:build_print_solid:before_fuse","message":"pre_fuse_state","data":{"n_before_fuse":1,"vs":1.333333,"watertight":true,"used_voxel_fallback":false},"timestamp":1777427039159}
{"sessionId":"0a1df2","runId":"pre-fix","hypothesisId":"B","location":"mesh.py:_fuse_stacked_components:entry","message":"fuse_entry","data":{"parts_in":1,"vs":1.333333},"timestamp":1777427039209}
{"sessionId":"0a1df2","runId":"pre-fix","hypothesisId":"B","location":"mesh.py:build_print_solid:after_fuse","message":"post_fuse_state","data":{"n_after_fuse":1},"timestamp":1777427039260}
{"sessionId":"0a1df2","runId":"pre-fix","hypothesisId":"D","location":"mesh.py:build_print_solid:after_plate_snap","message":"final_components","data":{"n_components_final":1,"last_resort":false},"timestamp":1777427039315}
{"sessionId":"0a1df2","runId":"pre-fix","hypothesisId":"A","location":"mesh.py:build_print_solid:before_fuse","message":"pre_fuse_state","data":{"n_before_fuse":1,"vs":1.333333,"watertight":true,"used_voxel_fallback":false},"timestamp":1777427185219}
{"sessionId":"0a1df2","runId":"pre-fix","hypothesisId":"B","location":"mesh.py:_fuse_stacked_components:entry","message":"fuse_entry","data":{"parts_in":1,"vs":1.333333},"timestamp":1777427185423}
{"sessionId":"0a1df2","runId":"pre-fix","hypothesisId":"B","location":"mesh.py:build_print_solid:after_fuse","message":"post_fuse_state","data":{"n_after_fuse":1},"timestamp":1777427185629}
{"sessionId":"0a1df2","runId":"pre-fix","hypothesisId":"D","location":"mesh.py:build_print_solid:after_plate_snap","message":"final_components","data":{"n_components_final":1,"last_resort":false},"timestamp":1777427185844}
{"sessionId":"0a1df2","runId":"pre-fix","hypothesisId":"A","location":"mesh.py:build_print_solid:before_fuse","message":"pre_fuse_state","data":{"n_before_fuse":1,"vs":1.333333,"watertight":true,"used_voxel_fallback":false},"timestamp":1777427285029}
{"sessionId":"0a1df2","runId":"pre-fix","hypothesisId":"B","location":"mesh.py:_fuse_stacked_components:entry","message":"fuse_entry","data":{"parts_in":1,"vs":1.333333},"timestamp":1777427285274}
{"sessionId":"0a1df2","runId":"pre-fix","hypothesisId":"B","location":"mesh.py:build_print_solid:after_fuse","message":"post_fuse_state","data":{"n_after_fuse":1},"timestamp":1777427285489}
{"sessionId":"0a1df2","runId":"pre-fix","hypothesisId":"D","location":"mesh.py:build_print_solid:after_plate_snap","message":"final_components","data":{"n_components_final":1,"last_resort":false},"timestamp":1777427285739}
{"sessionId":"0a1df2","runId":"pre-fix","hypothesisId":"A","location":"mesh.py:build_print_solid:before_fuse","message":"pre_fuse_state","data":{"n_before_fuse":1,"vs":1.0,"watertight":true,"used_voxel_fallback":false},"timestamp":1777427484351}
{"sessionId":"0a1df2","runId":"pre-fix","hypothesisId":"B","location":"mesh.py:_fuse_stacked_components:entry","message":"fuse_entry","data":{"parts_in":1,"vs":1.0},"timestamp":1777427484353}
{"sessionId":"0a1df2","runId":"pre-fix","hypothesisId":"B","location":"mesh.py:build_print_solid:after_fuse","message":"post_fuse_state","data":{"n_after_fuse":1},"timestamp":1777427484354}
{"sessionId":"0a1df2","runId":"pre-fix","hypothesisId":"D","location":"mesh.py:build_print_solid:after_plate_snap","message":"final_components","data":{"n_components_final":1,"last_resort":false},"timestamp":1777427484355}
{"sessionId":"0a1df2","runId":"pre-fix","hypothesisId":"A","location":"mesh.py:build_print_solid:before_fuse","message":"pre_fuse_state","data":{"n_before_fuse":1,"vs":1.0,"watertight":true,"used_voxel_fallback":false},"timestamp":1777427494388}
{"sessionId":"0a1df2","runId":"pre-fix","hypothesisId":"B","location":"mesh.py:_fuse_stacked_components:entry","message":"fuse_entry","data":{"parts_in":1,"vs":1.0},"timestamp":1777427494390}
{"sessionId":"0a1df2","runId":"pre-fix","hypothesisId":"B","location":"mesh.py:build_print_solid:after_fuse","message":"post_fuse_state","data":{"n_after_fuse":1},"timestamp":1777427494390}
{"sessionId":"0a1df2","runId":"pre-fix","hypothesisId":"D","location":"mesh.py:build_print_solid:after_plate_snap","message":"final_components","data":{"n_components_final":1,"last_resort":false},"timestamp":1777427494391}
{"sessionId":"0a1df2","runId":"pre-fix","hypothesisId":"A","location":"mesh.py:build_print_solid:before_fuse","message":"pre_fuse_state","data":{"n_before_fuse":1,"vs":1.333333,"watertight":true,"used_voxel_fallback":false},"timestamp":1777427544703}
{"sessionId":"0a1df2","runId":"pre-fix","hypothesisId":"B","location":"mesh.py:_fuse_stacked_components:entry","message":"fuse_entry","data":{"parts_in":1,"vs":1.333333},"timestamp":1777427544918}
{"sessionId":"0a1df2","runId":"pre-fix","hypothesisId":"B","location":"mesh.py:build_print_solid:after_fuse","message":"post_fuse_state","data":{"n_after_fuse":1},"timestamp":1777427545133}
{"sessionId":"0a1df2","runId":"pre-fix","hypothesisId":"D","location":"mesh.py:build_print_solid:after_plate_snap","message":"final_components","data":{"n_components_final":1,"last_resort":false},"timestamp":1777427545350}
{"sessionId":"0a1df2","runId":"pre-fix","hypothesisId":"A","location":"mesh.py:build_print_solid:before_fuse","message":"pre_fuse_state","data":{"n_before_fuse":1,"vs":1.333333,"watertight":true,"used_voxel_fallback":false},"timestamp":1777427769015}
{"sessionId":"0a1df2","runId":"pre-fix","hypothesisId":"B","location":"mesh.py:_fuse_stacked_components:entry","message":"fuse_entry","data":{"parts_in":1,"vs":1.333333},"timestamp":1777427769106}
{"sessionId":"0a1df2","runId":"pre-fix","hypothesisId":"B","location":"mesh.py:build_print_solid:after_fuse","message":"post_fuse_state","data":{"n_after_fuse":1},"timestamp":1777427769187}
{"sessionId":"0a1df2","runId":"pre-fix","hypothesisId":"D","location":"mesh.py:build_print_solid:after_plate_snap","message":"final_components","data":{"n_components_final":1,"last_resort":false},"timestamp":1777427769264}
{"sessionId":"0a1df2","runId":"pre-fix","hypothesisId":"A","location":"mesh.py:build_print_solid:before_fuse","message":"pre_fuse_state","data":{"n_before_fuse":1,"vs":1.333333,"watertight":true,"used_voxel_fallback":false},"timestamp":1777428236043}
{"sessionId":"0a1df2","runId":"pre-fix","hypothesisId":"B","location":"mesh.py:_fuse_stacked_components:entry","message":"fuse_entry","data":{"parts_in":1,"vs":1.333333},"timestamp":1777428236104}
{"sessionId":"0a1df2","runId":"pre-fix","hypothesisId":"B","location":"mesh.py:build_print_solid:after_fuse","message":"post_fuse_state","data":{"n_after_fuse":1},"timestamp":1777428236172}
{"sessionId":"0a1df2","runId":"pre-fix","hypothesisId":"D","location":"mesh.py:build_print_solid:after_plate_snap","message":"final_components","data":{"n_components_final":1,"last_resort":false},"timestamp":1777428236241}
{"sessionId":"0a1df2","runId":"pre-fix","hypothesisId":"A","location":"mesh.py:build_print_solid:before_fuse","message":"pre_fuse_state","data":{"n_before_fuse":1,"vs":0.8,"watertight":true,"used_voxel_fallback":false},"timestamp":1777428379014}
{"sessionId":"0a1df2","runId":"pre-fix","hypothesisId":"B","location":"mesh.py:_fuse_stacked_components:entry","message":"fuse_entry","data":{"parts_in":1,"vs":0.8},"timestamp":1777428379015}
{"sessionId":"0a1df2","runId":"pre-fix","hypothesisId":"B","location":"mesh.py:build_print_solid:after_fuse","message":"post_fuse_state","data":{"n_after_fuse":1},"timestamp":1777428379015}
{"sessionId":"0a1df2","runId":"pre-fix","hypothesisId":"D","location":"mesh.py:build_print_solid:after_plate_snap","message":"final_components","data":{"n_components_final":1,"last_resort":false},"timestamp":1777428379016}
{"sessionId":"0a1df2","runId":"pre-fix","hypothesisId":"A","location":"mesh.py:build_print_solid:before_fuse","message":"pre_fuse_state","data":{"n_before_fuse":2,"vs":0.533333,"watertight":true,"used_voxel_fallback":false},"timestamp":1777428402979}
{"sessionId":"0a1df2","runId":"pre-fix","hypothesisId":"B","location":"mesh.py:_fuse_stacked_components:entry","message":"fuse_entry","data":{"parts_in":2,"vs":0.533333},"timestamp":1777428403060}
{"sessionId":"0a1df2","runId":"pre-fix","hypothesisId":"E","location":"mesh.py:_fuse_stacked_components:manifold_union","message":"fuse_manifold_union_ok","data":{"parts_out":1},"timestamp":1777428403435}
{"sessionId":"0a1df2","runId":"pre-fix","hypothesisId":"B","location":"mesh.py:build_print_solid:after_fuse","message":"post_fuse_state","data":{"n_after_fuse":1},"timestamp":1777428403515}
{"sessionId":"0a1df2","runId":"pre-fix","hypothesisId":"D","location":"mesh.py:build_print_solid:after_plate_snap","message":"final_components","data":{"n_components_final":1,"last_resort":false},"timestamp":1777428403557}
{"sessionId":"0a1df2","runId":"pre-fix","hypothesisId":"A","location":"mesh.py:build_print_solid:before_fuse","message":"pre_fuse_state","data":{"n_before_fuse":1,"vs":0.666667,"watertight":true,"used_voxel_fallback":false},"timestamp":1777428451659}
{"sessionId":"0a1df2","runId":"pre-fix","hypothesisId":"B","location":"mesh.py:_fuse_stacked_components:entry","message":"fuse_entry","data":{"parts_in":1,"vs":0.666667},"timestamp":1777428451660}
{"sessionId":"0a1df2","runId":"pre-fix","hypothesisId":"B","location":"mesh.py:build_print_solid:after_fuse","message":"post_fuse_state","data":{"n_after_fuse":1},"timestamp":1777428451661}
{"sessionId":"0a1df2","runId":"pre-fix","hypothesisId":"D","location":"mesh.py:build_print_solid:after_plate_snap","message":"final_components","data":{"n_components_final":1,"last_resort":false},"timestamp":1777428451661}
{"sessionId":"0a1df2","runId":"pre-fix","hypothesisId":"A","location":"mesh.py:build_print_solid:before_fuse","message":"pre_fuse_state","data":{"n_before_fuse":1,"vs":0.733333,"watertight":true,"used_voxel_fallback":false},"timestamp":1777428466601}
{"sessionId":"0a1df2","runId":"pre-fix","hypothesisId":"B","location":"mesh.py:_fuse_stacked_components:entry","message":"fuse_entry","data":{"parts_in":1,"vs":0.733333},"timestamp":1777428466601}
{"sessionId":"0a1df2","runId":"pre-fix","hypothesisId":"B","location":"mesh.py:build_print_solid:after_fuse","message":"post_fuse_state","data":{"n_after_fuse":1},"timestamp":1777428466602}
{"sessionId":"0a1df2","runId":"pre-fix","hypothesisId":"D","location":"mesh.py:build_print_solid:after_plate_snap","message":"final_components","data":{"n_components_final":1,"last_resort":false},"timestamp":1777428466603}
{"sessionId":"0a1df2","runId":"pre-fix","hypothesisId":"A","location":"mesh.py:build_print_solid:before_fuse","message":"pre_fuse_state","data":{"n_before_fuse":1,"vs":1.0,"watertight":true,"used_voxel_fallback":false},"timestamp":1777428466680}
{"sessionId":"0a1df2","runId":"pre-fix","hypothesisId":"B","location":"mesh.py:_fuse_stacked_components:entry","message":"fuse_entry","data":{"parts_in":1,"vs":1.0},"timestamp":1777428466681}
{"sessionId":"0a1df2","runId":"pre-fix","hypothesisId":"B","location":"mesh.py:build_print_solid:after_fuse","message":"post_fuse_state","data":{"n_after_fuse":1},"timestamp":1777428466682}
{"sessionId":"0a1df2","runId":"pre-fix","hypothesisId":"D","location":"mesh.py:build_print_solid:after_plate_snap","message":"final_components","data":{"n_components_final":1,"last_resort":false},"timestamp":1777428466683}
{"sessionId":"0a1df2","runId":"pre-fix","hypothesisId":"A","location":"mesh.py:build_print_solid:before_fuse","message":"pre_fuse_state","data":{"n_before_fuse":1,"vs":0.733333,"watertight":true,"used_voxel_fallback":false},"timestamp":1777428478386}
{"sessionId":"0a1df2","runId":"pre-fix","hypothesisId":"B","location":"mesh.py:_fuse_stacked_components:entry","message":"fuse_entry","data":{"parts_in":1,"vs":0.733333},"timestamp":1777428478387}
{"sessionId":"0a1df2","runId":"pre-fix","hypothesisId":"B","location":"mesh.py:build_print_solid:after_fuse","message":"post_fuse_state","data":{"n_after_fuse":1},"timestamp":1777428478388}
{"sessionId":"0a1df2","runId":"pre-fix","hypothesisId":"D","location":"mesh.py:build_print_solid:after_plate_snap","message":"final_components","data":{"n_components_final":1,"last_resort":false},"timestamp":1777428478388}
{"sessionId":"0a1df2","runId":"pre-fix","hypothesisId":"A","location":"mesh.py:build_print_solid:before_fuse","message":"pre_fuse_state","data":{"n_before_fuse":1,"vs":1.0,"watertight":true,"used_voxel_fallback":false},"timestamp":1777428478459}
{"sessionId":"0a1df2","runId":"pre-fix","hypothesisId":"B","location":"mesh.py:_fuse_stacked_components:entry","message":"fuse_entry","data":{"parts_in":1,"vs":1.0},"timestamp":1777428478460}
{"sessionId":"0a1df2","runId":"pre-fix","hypothesisId":"B","location":"mesh.py:build_print_solid:after_fuse","message":"post_fuse_state","data":{"n_after_fuse":1},"timestamp":1777428478461}
{"sessionId":"0a1df2","runId":"pre-fix","hypothesisId":"D","location":"mesh.py:build_print_solid:after_plate_snap","message":"final_components","data":{"n_components_final":1,"last_resort":false},"timestamp":1777428478462}
{"sessionId":"0a1df2","runId":"pre-fix","hypothesisId":"A","location":"mesh.py:build_print_solid:before_fuse","message":"pre_fuse_state","data":{"n_before_fuse":1,"vs":1.333333,"watertight":true,"used_voxel_fallback":false},"timestamp":1777428852431}
{"sessionId":"0a1df2","runId":"pre-fix","hypothesisId":"B","location":"mesh.py:_fuse_stacked_components:entry","message":"fuse_entry","data":{"parts_in":1,"vs":1.333333},"timestamp":1777428852613}
{"sessionId":"0a1df2","runId":"pre-fix","hypothesisId":"B","location":"mesh.py:build_print_solid:after_fuse","message":"post_fuse_state","data":{"n_after_fuse":1},"timestamp":1777428852799}
{"sessionId":"0a1df2","runId":"pre-fix","hypothesisId":"D","location":"mesh.py:build_print_solid:after_plate_snap","message":"final_components","data":{"n_components_final":1,"last_resort":false},"timestamp":1777428852997}
{"sessionId":"0a1df2","runId":"pre-fix","hypothesisId":"A","location":"mesh.py:build_print_solid:before_fuse","message":"pre_fuse_state","data":{"n_before_fuse":1,"vs":1.333333,"watertight":true,"used_voxel_fallback":false},"timestamp":1777428911761}
{"sessionId":"0a1df2","runId":"pre-fix","hypothesisId":"B","location":"mesh.py:_fuse_stacked_components:entry","message":"fuse_entry","data":{"parts_in":1,"vs":1.333333},"timestamp":1777428911816}
{"sessionId":"0a1df2","runId":"pre-fix","hypothesisId":"B","location":"mesh.py:build_print_solid:after_fuse","message":"post_fuse_state","data":{"n_after_fuse":1},"timestamp":1777428911867}
{"sessionId":"0a1df2","runId":"pre-fix","hypothesisId":"D","location":"mesh.py:build_print_solid:after_plate_snap","message":"final_components","data":{"n_components_final":1,"last_resort":false},"timestamp":1777428911921}
{"sessionId":"0a1df2","runId":"pre-fix","hypothesisId":"A","location":"mesh.py:build_print_solid:before_fuse","message":"pre_fuse_state","data":{"n_before_fuse":1,"vs":1.333333,"watertight":true,"used_voxel_fallback":false},"timestamp":1777510370820}
{"sessionId":"0a1df2","runId":"pre-fix","hypothesisId":"B","location":"mesh.py:_fuse_stacked_components:entry","message":"fuse_entry","data":{"parts_in":1,"vs":1.333333},"timestamp":1777510370870}
{"sessionId":"0a1df2","runId":"pre-fix","hypothesisId":"B","location":"mesh.py:build_print_solid:after_fuse","message":"post_fuse_state","data":{"n_after_fuse":1},"timestamp":1777510370920}
{"sessionId":"0a1df2","runId":"pre-fix","hypothesisId":"D","location":"mesh.py:build_print_solid:after_plate_snap","message":"final_components","data":{"n_components_final":1,"last_resort":false},"timestamp":1777510370972}
